#
# A fatal error has been detected by the Java Runtime Environment:
#
#  EXCEPTION_ACCESS_VIOLATION (0xc0000005) at pc=0x00007ffffcd8e89a, pid=15528, tid=18392
#
# JRE version: Java(TM) SE Runtime Environment (10.0.1+10) (build 10.0.1+10)
# Java VM: Java HotSpot(TM) 64-Bit Server VM (10.0.1+10, mixed mode, tiered, compressed oops, g1 gc, windows-amd64)
# Problematic frame:
# C  [lwjgl_opengl.dll+0xe89a]
#
# No core dump will be written. Minidumps are not enabled by default on client versions of Windows
#
# If you would like to submit a bug report, please visit:
#   http://bugreport.java.com/bugreport/crash.jsp
# The crash happened outside the Java Virtual Machine in native code.
# See problematic frame for where to report the bug.
#

---------------  S U M M A R Y ------------

Command Line: -Dfile.encoding=Cp1252 Main

Host: Intel(R) Core(TM) i7-6500U CPU @ 2.50GHz, 4 cores, 11G,  Windows 10 , 64 bit Build 17134 (10.0.17134.1)
Time: Sat Jul 21 18:12:05 2018 Eastern Daylight Time elapsed time: 0 seconds (0d 0h 0m 0s)

---------------  T H R E A D  ---------------

Current thread (0x0000022aa5901800):  JavaThread "main" [_thread_in_native, id=18392, stack(0x000000e096600000,0x000000e096700000)]

Stack: [0x000000e096600000,0x000000e096700000],  sp=0x000000e0966ff3a8,  free space=1020k
Native frames: (J=compiled Java code, j=interpreted, Vv=VM code, C=native code)
C  [lwjgl_opengl.dll+0xe89a]

Java frames: (J=compiled Java code, j=interpreted, Vv=VM code)
j  org.lwjgl.opengl.GL11.glDisable(I)V+0
j  Main.init()V+211
j  Main.main([Ljava/lang/String;)V+24
v  ~StubRoutines::call_stub

siginfo: EXCEPTION_ACCESS_VIOLATION (0xc0000005), reading address 0x0000000000000a90


Register to memory mapping:

RIP=0x00007ffffcd8e89a lwjgl_opengl.dll
RAX=0x000000006585de50 jvm.dll
RBX={method} {0x0000022ac9b235a8} 'glDisable' '(I)V' in 'org/lwjgl/opengl/GL11'
RCX=0x0000000000000b71 is an unknown value
RDX=0x0000000000000000 is an unknown value
RSP=0x000000e0966ff3a8 is pointing into the stack for thread: 0x0000022aa5901800
RBP=0x000000e0966ff428 is pointing into the stack for thread: 0x0000022aa5901800
RSI=0x0000000000000000 is an unknown value
RDI=0x0000022ab0c9a103 is at code_begin+2307 in an Interpreter codelet
invoke return entry points  [0x0000022ab0c99800, 0x0000022ab0c9a1e0]  2528 bytes
R8 =0x0000000000000b71 is an unknown value
R9 =0x0000022aa58f5290 is an unknown value
R10=0x0000022ab0c9f2e8 is at code_begin+1000 in an Interpreter codelet
method entry point (kind = native)  [0x0000022ab0c9ef00, 0x0000022ab0c9fa60]  2912 bytes
R11=0x000000070d5f3410 is an oop
java.lang.Class 
{0x000000070d5f3410} - klass: 'java/lang/Class'
R12=0x0000000000000000 is an unknown value
R13=0x0000022ac9b23598 is pointing into metadata
R14=0x000000e0966ff448 is pointing into the stack for thread: 0x0000022aa5901800
R15=0x0000022aa5901800 is a thread


Registers:
RAX=0x000000006585de50, RBX=0x0000022ac9b235a0, RCX=0x0000000000000b71, RDX=0x0000000000000000
RSP=0x000000e0966ff3a8, RBP=0x000000e0966ff428, RSI=0x0000000000000000, RDI=0x0000022ab0c9a103
R8 =0x0000000000000b71, R9 =0x0000022aa58f5290, R10=0x0000022ab0c9f2e8, R11=0x000000070d5f3410
R12=0x0000000000000000, R13=0x0000022ac9b23598, R14=0x000000e0966ff448, R15=0x0000022aa5901800
RIP=0x00007ffffcd8e89a, EFLAGS=0x0000000000010202

Top of Stack: (sp=0x000000e0966ff3a8)
0x000000e0966ff3a8:   0000022ab0c9f317 0000022ac9b235a0
0x000000e0966ff3b8:   000000e0966ff428 0000000000000000
0x000000e0966ff3c8:   0000000000000000 0000022ab0c9a103
0x000000e0966ff3d8:   0000022ab0c9efb6 000000e0966ff3e0
0x000000e0966ff3e8:   0000022ac9b23598 000000e0966ff448
0x000000e0966ff3f8:   0000022ac9b52830 0000000000000000
0x000000e0966ff408:   000000070d5f3410 0000022ac9b235a0
0x000000e0966ff418:   0000000000000000 000000e0966ff448
0x000000e0966ff428:   000000e0966ff498 0000022ab0c9a103
0x000000e0966ff438:   000000070d5f3410 0000022ab0c9c258
0x000000e0966ff448:   0000000000000b71 000000e0966ff450
0x000000e0966ff458:   0000022ac9810edb 000000e0966ff4d0
0x000000e0966ff468:   0000022ac9811320 0000000000000000
0x000000e0966ff478:   000000070d852b48 0000022ac9810f50
0x000000e0966ff488:   000000e0966ff448 000000e0966ff4d8
0x000000e0966ff498:   000000e0966ff520 0000022ab0c9a103 

Instructions: (pc=0x00007ffffcd8e89a)
0x00007ffffcd8e87a:   48 ff a2 20 0c 00 00 cc cc cc cc cc cc cc cc cc
0x00007ffffcd8e88a:   cc cc cc cc cc cc 48 8b 01 41 8b c8 48 8b 50 18
0x00007ffffcd8e89a:   48 ff a2 90 0a 00 00 cc cc cc cc cc cc cc cc cc
0x00007ffffcd8e8aa:   cc cc cc cc cc cc 48 8b 01 0f 28 cb 41 8b c8 48 



---------------  P R O C E S S  ---------------

Threads class SMR info:
_java_thread_list=0x0000022ac9d439f0, length=11, elements={
0x0000022aa5901800, 0x0000022ac9c4a000, 0x0000022ac9c54000, 0x0000022ac9c45800,
0x0000022ac9c9f800, 0x0000022ac9ca2000, 0x0000022ac9caa000, 0x0000022ac9cd5000,
0x0000022ac9d15800, 0x0000022ac9e7c800, 0x0000022ac9e83000
}

Java Threads: ( => current thread )
=>0x0000022aa5901800 JavaThread "main" [_thread_in_native, id=18392, stack(0x000000e096600000,0x000000e096700000)]
  0x0000022ac9c4a000 JavaThread "Reference Handler" daemon [_thread_blocked, id=14460, stack(0x000000e097300000,0x000000e097400000)]
  0x0000022ac9c54000 JavaThread "Finalizer" daemon [_thread_blocked, id=22240, stack(0x000000e097400000,0x000000e097500000)]
  0x0000022ac9c45800 JavaThread "Signal Dispatcher" daemon [_thread_blocked, id=14764, stack(0x000000e097500000,0x000000e097600000)]
  0x0000022ac9c9f800 JavaThread "Attach Listener" daemon [_thread_blocked, id=22184, stack(0x000000e097600000,0x000000e097700000)]
  0x0000022ac9ca2000 JavaThread "C2 CompilerThread0" daemon [_thread_blocked, id=3440, stack(0x000000e097700000,0x000000e097800000)]
  0x0000022ac9caa000 JavaThread "C2 CompilerThread1" daemon [_thread_blocked, id=2812, stack(0x000000e097800000,0x000000e097900000)]
  0x0000022ac9cd5000 JavaThread "C1 CompilerThread2" daemon [_thread_blocked, id=14300, stack(0x000000e097900000,0x000000e097a00000)]
  0x0000022ac9d15800 JavaThread "Sweeper thread" daemon [_thread_blocked, id=3188, stack(0x000000e097a00000,0x000000e097b00000)]
  0x0000022ac9e7c800 JavaThread "Service Thread" daemon [_thread_blocked, id=5520, stack(0x000000e097b00000,0x000000e097c00000)]
  0x0000022ac9e83000 JavaThread "Common-Cleaner" daemon [_thread_blocked, id=9264, stack(0x000000e097c00000,0x000000e097d00000)]

Other Threads:
  0x0000022ac9c34800 VMThread "VM Thread" [stack: 0x000000e097200000,0x000000e097300000] [id=17876]
  0x0000022ac9e84000 WatcherThread [stack: 0x000000e097d00000,0x000000e097e00000] [id=11228]
  0x0000022aa591b800 GCTaskThread "GC Thread#0" [stack: 0x000000e096700000,0x000000e096800000] [id=2544]
  0x0000022aa591e000 GCTaskThread "GC Thread#1" [stack: 0x000000e096800000,0x000000e096900000] [id=22368]
  0x0000022aa5924800 GCTaskThread "GC Thread#2" [stack: 0x000000e096900000,0x000000e096a00000] [id=23296]
  0x0000022aa5926800 GCTaskThread "GC Thread#3" [stack: 0x000000e096a00000,0x000000e096b00000] [id=368]
  0x0000022aa59cc000 ConcurrentGCThread "G1 Main Marker" [stack: 0x000000e096b00000,0x000000e096c00000] [id=14124]
  0x0000022aa59cf000 ConcurrentGCThread "G1 Conc#0" [stack: 0x000000e096c00000,0x000000e096d00000] [id=23308]
  0x0000022ac92bb800 ConcurrentGCThread "G1 Refine#0" [stack: 0x000000e096d00000,0x000000e096e00000] [id=11604]
  0x0000022ac92bf000 ConcurrentGCThread "G1 Refine#1" [stack: 0x000000e096e00000,0x000000e096f00000] [id=9100]
  0x0000022ac92c0800 ConcurrentGCThread "G1 Refine#2" [stack: 0x000000e096f00000,0x000000e097000000] [id=9520]
  0x0000022ac92c1800 ConcurrentGCThread "G1 Refine#3" [stack: 0x000000e097000000,0x000000e097100000] [id=9912]
  0x0000022ac92c5000 ConcurrentGCThread "G1 Young RemSet Sampling" [stack: 0x000000e097100000,0x000000e097200000] [id=22392]

Threads with active compile tasks:

VM state:not at safepoint (normal execution)

VM Mutex/Monitor currently owned by a thread: None

Heap address: 0x0000000701a00000, size: 3046 MB, Compressed Oops mode: Zero based, Oop shift amount: 3
Narrow klass base: 0x0000000000000000, Narrow klass shift: 3
Compressed class space size: 1073741824 Address: 0x00000007c0000000

Heap:
 garbage-first heap   total 196608K, used 5120K [0x0000000701a00000, 0x00000007c0000000)
  region size 1024K, 6 young (6144K), 0 survivors (0K)
 Metaspace       used 8099K, capacity 8202K, committed 8448K, reserved 1056768K
  class space    used 640K, capacity 700K, committed 768K, reserved 1048576K
Heap Regions: E=young(eden), S=young(survivor), O=old, HS=humongous(starts), HC=humongous(continues), CS=collection set, F=free, A=archive, TS=gc time stamp, AC=allocation context, TAMS=top-at-mark-start (previous, next)
|   0|0x0000000701a00000, 0x0000000701a00000, 0x0000000701b00000|  0%| F|  |TS  0|AC  0|TAMS 0x0000000701a00000, 0x0000000701a00000|
|   1|0x0000000701b00000, 0x0000000701b00000, 0x0000000701c00000|  0%| F|  |TS  0|AC  0|TAMS 0x0000000701b00000, 0x0000000701b00000|
|   2|0x0000000701c00000, 0x0000000701c00000, 0x0000000701d00000|  0%| F|  |TS  0|AC  0|TAMS 0x0000000701c00000, 0x0000000701c00000|
|   3|0x0000000701d00000, 0x0000000701d00000, 0x0000000701e00000|  0%| F|  |TS  0|AC  0|TAMS 0x0000000701d00000, 0x0000000701d00000|
|   4|0x0000000701e00000, 0x0000000701e00000, 0x0000000701f00000|  0%| F|  |TS  0|AC  0|TAMS 0x0000000701e00000, 0x0000000701e00000|
|   5|0x0000000701f00000, 0x0000000701f00000, 0x0000000702000000|  0%| F|  |TS  0|AC  0|TAMS 0x0000000701f00000, 0x0000000701f00000|
|   6|0x0000000702000000, 0x0000000702000000, 0x0000000702100000|  0%| F|  |TS  0|AC  0|TAMS 0x0000000702000000, 0x0000000702000000|
|   7|0x0000000702100000, 0x0000000702100000, 0x0000000702200000|  0%| F|  |TS  0|AC  0|TAMS 0x0000000702100000, 0x0000000702100000|
|   8|0x0000000702200000, 0x0000000702200000, 0x0000000702300000|  0%| F|  |TS  0|AC  0|TAMS 0x0000000702200000, 0x0000000702200000|
|   9|0x0000000702300000, 0x0000000702300000, 0x0000000702400000|  0%| F|  |TS  0|AC  0|TAMS 0x0000000702300000, 0x0000000702300000|
|  10|0x0000000702400000, 0x0000000702400000, 0x0000000702500000|  0%| F|  |TS  0|AC  0|TAMS 0x0000000702400000, 0x0000000702400000|
|  11|0x0000000702500000, 0x0000000702500000, 0x0000000702600000|  0%| F|  |TS  0|AC  0|TAMS 0x0000000702500000, 0x0000000702500000|
|  12|0x0000000702600000, 0x0000000702600000, 0x0000000702700000|  0%| F|  |TS  0|AC  0|TAMS 0x0000000702600000, 0x0000000702600000|
|  13|0x0000000702700000, 0x0000000702700000, 0x0000000702800000|  0%| F|  |TS  0|AC  0|TAMS 0x0000000702700000, 0x0000000702700000|
|  14|0x0000000702800000, 0x0000000702800000, 0x0000000702900000|  0%| F|  |TS  0|AC  0|TAMS 0x0000000702800000, 0x0000000702800000|
|  15|0x0000000702900000, 0x0000000702900000, 0x0000000702a00000|  0%| F|  |TS  0|AC  0|TAMS 0x0000000702900000, 0x0000000702900000|
|  16|0x0000000702a00000, 0x0000000702a00000, 0x0000000702b00000|  0%| F|  |TS  0|AC  0|TAMS 0x0000000702a00000, 0x0000000702a00000|
|  17|0x0000000702b00000, 0x0000000702b00000, 0x0000000702c00000|  0%| F|  |TS  0|AC  0|TAMS 0x0000000702b00000, 0x0000000702b00000|
|  18|0x0000000702c00000, 0x0000000702c00000, 0x0000000702d00000|  0%| F|  |TS  0|AC  0|TAMS 0x0000000702c00000, 0x0000000702c00000|
|  19|0x0000000702d00000, 0x0000000702d00000, 0x0000000702e00000|  0%| F|  |TS  0|AC  0|TAMS 0x0000000702d00000, 0x0000000702d00000|
|  20|0x0000000702e00000, 0x0000000702e00000, 0x0000000702f00000|  0%| F|  |TS  0|AC  0|TAMS 0x0000000702e00000, 0x0000000702e00000|
|  21|0x0000000702f00000, 0x0000000702f00000, 0x0000000703000000|  0%| F|  |TS  0|AC  0|TAMS 0x0000000702f00000, 0x0000000702f00000|
|  22|0x0000000703000000, 0x0000000703000000, 0x0000000703100000|  0%| F|  |TS  0|AC  0|TAMS 0x0000000703000000, 0x0000000703000000|
|  23|0x0000000703100000, 0x0000000703100000, 0x0000000703200000|  0%| F|  |TS  0|AC  0|TAMS 0x0000000703100000, 0x0000000703100000|
|  24|0x0000000703200000, 0x0000000703200000, 0x0000000703300000|  0%| F|  |TS  0|AC  0|TAMS 0x0000000703200000, 0x0000000703200000|
|  25|0x0000000703300000, 0x0000000703300000, 0x0000000703400000|  0%| F|  |TS  0|AC  0|TAMS 0x0000000703300000, 0x0000000703300000|
|  26|0x0000000703400000, 0x0000000703400000, 0x0000000703500000|  0%| F|  |TS  0|AC  0|TAMS 0x0000000703400000, 0x0000000703400000|
|  27|0x0000000703500000, 0x0000000703500000, 0x0000000703600000|  0%| F|  |TS  0|AC  0|TAMS 0x0000000703500000, 0x0000000703500000|
|  28|0x0000000703600000, 0x0000000703600000, 0x0000000703700000|  0%| F|  |TS  0|AC  0|TAMS 0x0000000703600000, 0x0000000703600000|
|  29|0x0000000703700000, 0x0000000703700000, 0x0000000703800000|  0%| F|  |TS  0|AC  0|TAMS 0x0000000703700000, 0x0000000703700000|
|  30|0x0000000703800000, 0x0000000703800000, 0x0000000703900000|  0%| F|  |TS  0|AC  0|TAMS 0x0000000703800000, 0x0000000703800000|
|  31|0x0000000703900000, 0x0000000703900000, 0x0000000703a00000|  0%| F|  |TS  0|AC  0|TAMS 0x0000000703900000, 0x0000000703900000|
|  32|0x0000000703a00000, 0x0000000703a00000, 0x0000000703b00000|  0%| F|  |TS  0|AC  0|TAMS 0x0000000703a00000, 0x0000000703a00000|
|  33|0x0000000703b00000, 0x0000000703b00000, 0x0000000703c00000|  0%| F|  |TS  0|AC  0|TAMS 0x0000000703b00000, 0x0000000703b00000|
|  34|0x0000000703c00000, 0x0000000703c00000, 0x0000000703d00000|  0%| F|  |TS  0|AC  0|TAMS 0x0000000703c00000, 0x0000000703c00000|
|  35|0x0000000703d00000, 0x0000000703d00000, 0x0000000703e00000|  0%| F|  |TS  0|AC  0|TAMS 0x0000000703d00000, 0x0000000703d00000|
|  36|0x0000000703e00000, 0x0000000703e00000, 0x0000000703f00000|  0%| F|  |TS  0|AC  0|TAMS 0x0000000703e00000, 0x0000000703e00000|
|  37|0x0000000703f00000, 0x0000000703f00000, 0x0000000704000000|  0%| F|  |TS  0|AC  0|TAMS 0x0000000703f00000, 0x0000000703f00000|
|  38|0x0000000704000000, 0x0000000704000000, 0x0000000704100000|  0%| F|  |TS  0|AC  0|TAMS 0x0000000704000000, 0x0000000704000000|
|  39|0x0000000704100000, 0x0000000704100000, 0x0000000704200000|  0%| F|  |TS  0|AC  0|TAMS 0x0000000704100000, 0x0000000704100000|
|  40|0x0000000704200000, 0x0000000704200000, 0x0000000704300000|  0%| F|  |TS  0|AC  0|TAMS 0x0000000704200000, 0x0000000704200000|
|  41|0x0000000704300000, 0x0000000704300000, 0x0000000704400000|  0%| F|  |TS  0|AC  0|TAMS 0x0000000704300000, 0x0000000704300000|
|  42|0x0000000704400000, 0x0000000704400000, 0x0000000704500000|  0%| F|  |TS  0|AC  0|TAMS 0x0000000704400000, 0x0000000704400000|
|  43|0x0000000704500000, 0x0000000704500000, 0x0000000704600000|  0%| F|  |TS  0|AC  0|TAMS 0x0000000704500000, 0x0000000704500000|
|  44|0x0000000704600000, 0x0000000704600000, 0x0000000704700000|  0%| F|  |TS  0|AC  0|TAMS 0x0000000704600000, 0x0000000704600000|
|  45|0x0000000704700000, 0x0000000704700000, 0x0000000704800000|  0%| F|  |TS  0|AC  0|TAMS 0x0000000704700000, 0x0000000704700000|
|  46|0x0000000704800000, 0x0000000704800000, 0x0000000704900000|  0%| F|  |TS  0|AC  0|TAMS 0x0000000704800000, 0x0000000704800000|
|  47|0x0000000704900000, 0x0000000704900000, 0x0000000704a00000|  0%| F|  |TS  0|AC  0|TAMS 0x0000000704900000, 0x0000000704900000|
|  48|0x0000000704a00000, 0x0000000704a00000, 0x0000000704b00000|  0%| F|  |TS  0|AC  0|TAMS 0x0000000704a00000, 0x0000000704a00000|
|  49|0x0000000704b00000, 0x0000000704b00000, 0x0000000704c00000|  0%| F|  |TS  0|AC  0|TAMS 0x0000000704b00000, 0x0000000704b00000|
|  50|0x0000000704c00000, 0x0000000704c00000, 0x0000000704d00000|  0%| F|  |TS  0|AC  0|TAMS 0x0000000704c00000, 0x0000000704c00000|
|  51|0x0000000704d00000, 0x0000000704d00000, 0x0000000704e00000|  0%| F|  |TS  0|AC  0|TAMS 0x0000000704d00000, 0x0000000704d00000|
|  52|0x0000000704e00000, 0x0000000704e00000, 0x0000000704f00000|  0%| F|  |TS  0|AC  0|TAMS 0x0000000704e00000, 0x0000000704e00000|
|  53|0x0000000704f00000, 0x0000000704f00000, 0x0000000705000000|  0%| F|  |TS  0|AC  0|TAMS 0x0000000704f00000, 0x0000000704f00000|
|  54|0x0000000705000000, 0x0000000705000000, 0x0000000705100000|  0%| F|  |TS  0|AC  0|TAMS 0x0000000705000000, 0x0000000705000000|
|  55|0x0000000705100000, 0x0000000705100000, 0x0000000705200000|  0%| F|  |TS  0|AC  0|TAMS 0x0000000705100000, 0x0000000705100000|
|  56|0x0000000705200000, 0x0000000705200000, 0x0000000705300000|  0%| F|  |TS  0|AC  0|TAMS 0x0000000705200000, 0x0000000705200000|
|  57|0x0000000705300000, 0x0000000705300000, 0x0000000705400000|  0%| F|  |TS  0|AC  0|TAMS 0x0000000705300000, 0x0000000705300000|
|  58|0x0000000705400000, 0x0000000705400000, 0x0000000705500000|  0%| F|  |TS  0|AC  0|TAMS 0x0000000705400000, 0x0000000705400000|
|  59|0x0000000705500000, 0x0000000705500000, 0x0000000705600000|  0%| F|  |TS  0|AC  0|TAMS 0x0000000705500000, 0x0000000705500000|
|  60|0x0000000705600000, 0x0000000705600000, 0x0000000705700000|  0%| F|  |TS  0|AC  0|TAMS 0x0000000705600000, 0x0000000705600000|
|  61|0x0000000705700000, 0x0000000705700000, 0x0000000705800000|  0%| F|  |TS  0|AC  0|TAMS 0x0000000705700000, 0x0000000705700000|
|  62|0x0000000705800000, 0x0000000705800000, 0x0000000705900000|  0%| F|  |TS  0|AC  0|TAMS 0x0000000705800000, 0x0000000705800000|
|  63|0x0000000705900000, 0x0000000705900000, 0x0000000705a00000|  0%| F|  |TS  0|AC  0|TAMS 0x0000000705900000, 0x0000000705900000|
|  64|0x0000000705a00000, 0x0000000705a00000, 0x0000000705b00000|  0%| F|  |TS  0|AC  0|TAMS 0x0000000705a00000, 0x0000000705a00000|
|  65|0x0000000705b00000, 0x0000000705b00000, 0x0000000705c00000|  0%| F|  |TS  0|AC  0|TAMS 0x0000000705b00000, 0x0000000705b00000|
|  66|0x0000000705c00000, 0x0000000705c00000, 0x0000000705d00000|  0%| F|  |TS  0|AC  0|TAMS 0x0000000705c00000, 0x0000000705c00000|
|  67|0x0000000705d00000, 0x0000000705d00000, 0x0000000705e00000|  0%| F|  |TS  0|AC  0|TAMS 0x0000000705d00000, 0x0000000705d00000|
|  68|0x0000000705e00000, 0x0000000705e00000, 0x0000000705f00000|  0%| F|  |TS  0|AC  0|TAMS 0x0000000705e00000, 0x0000000705e00000|
|  69|0x0000000705f00000, 0x0000000705f00000, 0x0000000706000000|  0%| F|  |TS  0|AC  0|TAMS 0x0000000705f00000, 0x0000000705f00000|
|  70|0x0000000706000000, 0x0000000706000000, 0x0000000706100000|  0%| F|  |TS  0|AC  0|TAMS 0x0000000706000000, 0x0000000706000000|
|  71|0x0000000706100000, 0x0000000706100000, 0x0000000706200000|  0%| F|  |TS  0|AC  0|TAMS 0x0000000706100000, 0x0000000706100000|
|  72|0x0000000706200000, 0x0000000706200000, 0x0000000706300000|  0%| F|  |TS  0|AC  0|TAMS 0x0000000706200000, 0x0000000706200000|
|  73|0x0000000706300000, 0x0000000706300000, 0x0000000706400000|  0%| F|  |TS  0|AC  0|TAMS 0x0000000706300000, 0x0000000706300000|
|  74|0x0000000706400000, 0x0000000706400000, 0x0000000706500000|  0%| F|  |TS  0|AC  0|TAMS 0x0000000706400000, 0x0000000706400000|
|  75|0x0000000706500000, 0x0000000706500000, 0x0000000706600000|  0%| F|  |TS  0|AC  0|TAMS 0x0000000706500000, 0x0000000706500000|
|  76|0x0000000706600000, 0x0000000706600000, 0x0000000706700000|  0%| F|  |TS  0|AC  0|TAMS 0x0000000706600000, 0x0000000706600000|
|  77|0x0000000706700000, 0x0000000706700000, 0x0000000706800000|  0%| F|  |TS  0|AC  0|TAMS 0x0000000706700000, 0x0000000706700000|
|  78|0x0000000706800000, 0x0000000706800000, 0x0000000706900000|  0%| F|  |TS  0|AC  0|TAMS 0x0000000706800000, 0x0000000706800000|
|  79|0x0000000706900000, 0x0000000706900000, 0x0000000706a00000|  0%| F|  |TS  0|AC  0|TAMS 0x0000000706900000, 0x0000000706900000|
|  80|0x0000000706a00000, 0x0000000706a00000, 0x0000000706b00000|  0%| F|  |TS  0|AC  0|TAMS 0x0000000706a00000, 0x0000000706a00000|
|  81|0x0000000706b00000, 0x0000000706b00000, 0x0000000706c00000|  0%| F|  |TS  0|AC  0|TAMS 0x0000000706b00000, 0x0000000706b00000|
|  82|0x0000000706c00000, 0x0000000706c00000, 0x0000000706d00000|  0%| F|  |TS  0|AC  0|TAMS 0x0000000706c00000, 0x0000000706c00000|
|  83|0x0000000706d00000, 0x0000000706d00000, 0x0000000706e00000|  0%| F|  |TS  0|AC  0|TAMS 0x0000000706d00000, 0x0000000706d00000|
|  84|0x0000000706e00000, 0x0000000706e00000, 0x0000000706f00000|  0%| F|  |TS  0|AC  0|TAMS 0x0000000706e00000, 0x0000000706e00000|
|  85|0x0000000706f00000, 0x0000000706f00000, 0x0000000707000000|  0%| F|  |TS  0|AC  0|TAMS 0x0000000706f00000, 0x0000000706f00000|
|  86|0x0000000707000000, 0x0000000707000000, 0x0000000707100000|  0%| F|  |TS  0|AC  0|TAMS 0x0000000707000000, 0x0000000707000000|
|  87|0x0000000707100000, 0x0000000707100000, 0x0000000707200000|  0%| F|  |TS  0|AC  0|TAMS 0x0000000707100000, 0x0000000707100000|
|  88|0x0000000707200000, 0x0000000707200000, 0x0000000707300000|  0%| F|  |TS  0|AC  0|TAMS 0x0000000707200000, 0x0000000707200000|
|  89|0x0000000707300000, 0x0000000707300000, 0x0000000707400000|  0%| F|  |TS  0|AC  0|TAMS 0x0000000707300000, 0x0000000707300000|
|  90|0x0000000707400000, 0x0000000707400000, 0x0000000707500000|  0%| F|  |TS  0|AC  0|TAMS 0x0000000707400000, 0x0000000707400000|
|  91|0x0000000707500000, 0x0000000707500000, 0x0000000707600000|  0%| F|  |TS  0|AC  0|TAMS 0x0000000707500000, 0x0000000707500000|
|  92|0x0000000707600000, 0x0000000707600000, 0x0000000707700000|  0%| F|  |TS  0|AC  0|TAMS 0x0000000707600000, 0x0000000707600000|
|  93|0x0000000707700000, 0x0000000707700000, 0x0000000707800000|  0%| F|  |TS  0|AC  0|TAMS 0x0000000707700000, 0x0000000707700000|
|  94|0x0000000707800000, 0x0000000707800000, 0x0000000707900000|  0%| F|  |TS  0|AC  0|TAMS 0x0000000707800000, 0x0000000707800000|
|  95|0x0000000707900000, 0x0000000707900000, 0x0000000707a00000|  0%| F|  |TS  0|AC  0|TAMS 0x0000000707900000, 0x0000000707900000|
|  96|0x0000000707a00000, 0x0000000707a00000, 0x0000000707b00000|  0%| F|  |TS  0|AC  0|TAMS 0x0000000707a00000, 0x0000000707a00000|
|  97|0x0000000707b00000, 0x0000000707b00000, 0x0000000707c00000|  0%| F|  |TS  0|AC  0|TAMS 0x0000000707b00000, 0x0000000707b00000|
|  98|0x0000000707c00000, 0x0000000707c00000, 0x0000000707d00000|  0%| F|  |TS  0|AC  0|TAMS 0x0000000707c00000, 0x0000000707c00000|
|  99|0x0000000707d00000, 0x0000000707d00000, 0x0000000707e00000|  0%| F|  |TS  0|AC  0|TAMS 0x0000000707d00000, 0x0000000707d00000|
| 100|0x0000000707e00000, 0x0000000707e00000, 0x0000000707f00000|  0%| F|  |TS  0|AC  0|TAMS 0x0000000707e00000, 0x0000000707e00000|
| 101|0x0000000707f00000, 0x0000000707f00000, 0x0000000708000000|  0%| F|  |TS  0|AC  0|TAMS 0x0000000707f00000, 0x0000000707f00000|
| 102|0x0000000708000000, 0x0000000708000000, 0x0000000708100000|  0%| F|  |TS  0|AC  0|TAMS 0x0000000708000000, 0x0000000708000000|
| 103|0x0000000708100000, 0x0000000708100000, 0x0000000708200000|  0%| F|  |TS  0|AC  0|TAMS 0x0000000708100000, 0x0000000708100000|
| 104|0x0000000708200000, 0x0000000708200000, 0x0000000708300000|  0%| F|  |TS  0|AC  0|TAMS 0x0000000708200000, 0x0000000708200000|
| 105|0x0000000708300000, 0x0000000708300000, 0x0000000708400000|  0%| F|  |TS  0|AC  0|TAMS 0x0000000708300000, 0x0000000708300000|
| 106|0x0000000708400000, 0x0000000708400000, 0x0000000708500000|  0%| F|  |TS  0|AC  0|TAMS 0x0000000708400000, 0x0000000708400000|
| 107|0x0000000708500000, 0x0000000708500000, 0x0000000708600000|  0%| F|  |TS  0|AC  0|TAMS 0x0000000708500000, 0x0000000708500000|
| 108|0x0000000708600000, 0x0000000708600000, 0x0000000708700000|  0%| F|  |TS  0|AC  0|TAMS 0x0000000708600000, 0x0000000708600000|
| 109|0x0000000708700000, 0x0000000708700000, 0x0000000708800000|  0%| F|  |TS  0|AC  0|TAMS 0x0000000708700000, 0x0000000708700000|
| 110|0x0000000708800000, 0x0000000708800000, 0x0000000708900000|  0%| F|  |TS  0|AC  0|TAMS 0x0000000708800000, 0x0000000708800000|
| 111|0x0000000708900000, 0x0000000708900000, 0x0000000708a00000|  0%| F|  |TS  0|AC  0|TAMS 0x0000000708900000, 0x0000000708900000|
| 112|0x0000000708a00000, 0x0000000708a00000, 0x0000000708b00000|  0%| F|  |TS  0|AC  0|TAMS 0x0000000708a00000, 0x0000000708a00000|
| 113|0x0000000708b00000, 0x0000000708b00000, 0x0000000708c00000|  0%| F|  |TS  0|AC  0|TAMS 0x0000000708b00000, 0x0000000708b00000|
| 114|0x0000000708c00000, 0x0000000708c00000, 0x0000000708d00000|  0%| F|  |TS  0|AC  0|TAMS 0x0000000708c00000, 0x0000000708c00000|
| 115|0x0000000708d00000, 0x0000000708d00000, 0x0000000708e00000|  0%| F|  |TS  0|AC  0|TAMS 0x0000000708d00000, 0x0000000708d00000|
| 116|0x0000000708e00000, 0x0000000708e00000, 0x0000000708f00000|  0%| F|  |TS  0|AC  0|TAMS 0x0000000708e00000, 0x0000000708e00000|
| 117|0x0000000708f00000, 0x0000000708f00000, 0x0000000709000000|  0%| F|  |TS  0|AC  0|TAMS 0x0000000708f00000, 0x0000000708f00000|
| 118|0x0000000709000000, 0x0000000709000000, 0x0000000709100000|  0%| F|  |TS  0|AC  0|TAMS 0x0000000709000000, 0x0000000709000000|
| 119|0x0000000709100000, 0x0000000709100000, 0x0000000709200000|  0%| F|  |TS  0|AC  0|TAMS 0x0000000709100000, 0x0000000709100000|
| 120|0x0000000709200000, 0x0000000709200000, 0x0000000709300000|  0%| F|  |TS  0|AC  0|TAMS 0x0000000709200000, 0x0000000709200000|
| 121|0x0000000709300000, 0x0000000709300000, 0x0000000709400000|  0%| F|  |TS  0|AC  0|TAMS 0x0000000709300000, 0x0000000709300000|
| 122|0x0000000709400000, 0x0000000709400000, 0x0000000709500000|  0%| F|  |TS  0|AC  0|TAMS 0x0000000709400000, 0x0000000709400000|
| 123|0x0000000709500000, 0x0000000709500000, 0x0000000709600000|  0%| F|  |TS  0|AC  0|TAMS 0x0000000709500000, 0x0000000709500000|
| 124|0x0000000709600000, 0x0000000709600000, 0x0000000709700000|  0%| F|  |TS  0|AC  0|TAMS 0x0000000709600000, 0x0000000709600000|
| 125|0x0000000709700000, 0x0000000709700000, 0x0000000709800000|  0%| F|  |TS  0|AC  0|TAMS 0x0000000709700000, 0x0000000709700000|
| 126|0x0000000709800000, 0x0000000709800000, 0x0000000709900000|  0%| F|  |TS  0|AC  0|TAMS 0x0000000709800000, 0x0000000709800000|
| 127|0x0000000709900000, 0x0000000709900000, 0x0000000709a00000|  0%| F|  |TS  0|AC  0|TAMS 0x0000000709900000, 0x0000000709900000|
| 128|0x0000000709a00000, 0x0000000709a00000, 0x0000000709b00000|  0%| F|  |TS  0|AC  0|TAMS 0x0000000709a00000, 0x0000000709a00000|
| 129|0x0000000709b00000, 0x0000000709b00000, 0x0000000709c00000|  0%| F|  |TS  0|AC  0|TAMS 0x0000000709b00000, 0x0000000709b00000|
| 130|0x0000000709c00000, 0x0000000709c00000, 0x0000000709d00000|  0%| F|  |TS  0|AC  0|TAMS 0x0000000709c00000, 0x0000000709c00000|
| 131|0x0000000709d00000, 0x0000000709d00000, 0x0000000709e00000|  0%| F|  |TS  0|AC  0|TAMS 0x0000000709d00000, 0x0000000709d00000|
| 132|0x0000000709e00000, 0x0000000709e00000, 0x0000000709f00000|  0%| F|  |TS  0|AC  0|TAMS 0x0000000709e00000, 0x0000000709e00000|
| 133|0x0000000709f00000, 0x0000000709f00000, 0x000000070a000000|  0%| F|  |TS  0|AC  0|TAMS 0x0000000709f00000, 0x0000000709f00000|
| 134|0x000000070a000000, 0x000000070a000000, 0x000000070a100000|  0%| F|  |TS  0|AC  0|TAMS 0x000000070a000000, 0x000000070a000000|
| 135|0x000000070a100000, 0x000000070a100000, 0x000000070a200000|  0%| F|  |TS  0|AC  0|TAMS 0x000000070a100000, 0x000000070a100000|
| 136|0x000000070a200000, 0x000000070a200000, 0x000000070a300000|  0%| F|  |TS  0|AC  0|TAMS 0x000000070a200000, 0x000000070a200000|
| 137|0x000000070a300000, 0x000000070a300000, 0x000000070a400000|  0%| F|  |TS  0|AC  0|TAMS 0x000000070a300000, 0x000000070a300000|
| 138|0x000000070a400000, 0x000000070a400000, 0x000000070a500000|  0%| F|  |TS  0|AC  0|TAMS 0x000000070a400000, 0x000000070a400000|
| 139|0x000000070a500000, 0x000000070a500000, 0x000000070a600000|  0%| F|  |TS  0|AC  0|TAMS 0x000000070a500000, 0x000000070a500000|
| 140|0x000000070a600000, 0x000000070a600000, 0x000000070a700000|  0%| F|  |TS  0|AC  0|TAMS 0x000000070a600000, 0x000000070a600000|
| 141|0x000000070a700000, 0x000000070a700000, 0x000000070a800000|  0%| F|  |TS  0|AC  0|TAMS 0x000000070a700000, 0x000000070a700000|
| 142|0x000000070a800000, 0x000000070a800000, 0x000000070a900000|  0%| F|  |TS  0|AC  0|TAMS 0x000000070a800000, 0x000000070a800000|
| 143|0x000000070a900000, 0x000000070a900000, 0x000000070aa00000|  0%| F|  |TS  0|AC  0|TAMS 0x000000070a900000, 0x000000070a900000|
| 144|0x000000070aa00000, 0x000000070aa00000, 0x000000070ab00000|  0%| F|  |TS  0|AC  0|TAMS 0x000000070aa00000, 0x000000070aa00000|
| 145|0x000000070ab00000, 0x000000070ab00000, 0x000000070ac00000|  0%| F|  |TS  0|AC  0|TAMS 0x000000070ab00000, 0x000000070ab00000|
| 146|0x000000070ac00000, 0x000000070ac00000, 0x000000070ad00000|  0%| F|  |TS  0|AC  0|TAMS 0x000000070ac00000, 0x000000070ac00000|
| 147|0x000000070ad00000, 0x000000070ad00000, 0x000000070ae00000|  0%| F|  |TS  0|AC  0|TAMS 0x000000070ad00000, 0x000000070ad00000|
| 148|0x000000070ae00000, 0x000000070ae00000, 0x000000070af00000|  0%| F|  |TS  0|AC  0|TAMS 0x000000070ae00000, 0x000000070ae00000|
| 149|0x000000070af00000, 0x000000070af00000, 0x000000070b000000|  0%| F|  |TS  0|AC  0|TAMS 0x000000070af00000, 0x000000070af00000|
| 150|0x000000070b000000, 0x000000070b000000, 0x000000070b100000|  0%| F|  |TS  0|AC  0|TAMS 0x000000070b000000, 0x000000070b000000|
| 151|0x000000070b100000, 0x000000070b100000, 0x000000070b200000|  0%| F|  |TS  0|AC  0|TAMS 0x000000070b100000, 0x000000070b100000|
| 152|0x000000070b200000, 0x000000070b200000, 0x000000070b300000|  0%| F|  |TS  0|AC  0|TAMS 0x000000070b200000, 0x000000070b200000|
| 153|0x000000070b300000, 0x000000070b300000, 0x000000070b400000|  0%| F|  |TS  0|AC  0|TAMS 0x000000070b300000, 0x000000070b300000|
| 154|0x000000070b400000, 0x000000070b400000, 0x000000070b500000|  0%| F|  |TS  0|AC  0|TAMS 0x000000070b400000, 0x000000070b400000|
| 155|0x000000070b500000, 0x000000070b500000, 0x000000070b600000|  0%| F|  |TS  0|AC  0|TAMS 0x000000070b500000, 0x000000070b500000|
| 156|0x000000070b600000, 0x000000070b600000, 0x000000070b700000|  0%| F|  |TS  0|AC  0|TAMS 0x000000070b600000, 0x000000070b600000|
| 157|0x000000070b700000, 0x000000070b700000, 0x000000070b800000|  0%| F|  |TS  0|AC  0|TAMS 0x000000070b700000, 0x000000070b700000|
| 158|0x000000070b800000, 0x000000070b800000, 0x000000070b900000|  0%| F|  |TS  0|AC  0|TAMS 0x000000070b800000, 0x000000070b800000|
| 159|0x000000070b900000, 0x000000070b900000, 0x000000070ba00000|  0%| F|  |TS  0|AC  0|TAMS 0x000000070b900000, 0x000000070b900000|
| 160|0x000000070ba00000, 0x000000070ba00000, 0x000000070bb00000|  0%| F|  |TS  0|AC  0|TAMS 0x000000070ba00000, 0x000000070ba00000|
| 161|0x000000070bb00000, 0x000000070bb00000, 0x000000070bc00000|  0%| F|  |TS  0|AC  0|TAMS 0x000000070bb00000, 0x000000070bb00000|
| 162|0x000000070bc00000, 0x000000070bc00000, 0x000000070bd00000|  0%| F|  |TS  0|AC  0|TAMS 0x000000070bc00000, 0x000000070bc00000|
| 163|0x000000070bd00000, 0x000000070bd00000, 0x000000070be00000|  0%| F|  |TS  0|AC  0|TAMS 0x000000070bd00000, 0x000000070bd00000|
| 164|0x000000070be00000, 0x000000070be00000, 0x000000070bf00000|  0%| F|  |TS  0|AC  0|TAMS 0x000000070be00000, 0x000000070be00000|
| 165|0x000000070bf00000, 0x000000070bf00000, 0x000000070c000000|  0%| F|  |TS  0|AC  0|TAMS 0x000000070bf00000, 0x000000070bf00000|
| 166|0x000000070c000000, 0x000000070c000000, 0x000000070c100000|  0%| F|  |TS  0|AC  0|TAMS 0x000000070c000000, 0x000000070c000000|
| 167|0x000000070c100000, 0x000000070c100000, 0x000000070c200000|  0%| F|  |TS  0|AC  0|TAMS 0x000000070c100000, 0x000000070c100000|
| 168|0x000000070c200000, 0x000000070c200000, 0x000000070c300000|  0%| F|  |TS  0|AC  0|TAMS 0x000000070c200000, 0x000000070c200000|
| 169|0x000000070c300000, 0x000000070c300000, 0x000000070c400000|  0%| F|  |TS  0|AC  0|TAMS 0x000000070c300000, 0x000000070c300000|
| 170|0x000000070c400000, 0x000000070c400000, 0x000000070c500000|  0%| F|  |TS  0|AC  0|TAMS 0x000000070c400000, 0x000000070c400000|
| 171|0x000000070c500000, 0x000000070c500000, 0x000000070c600000|  0%| F|  |TS  0|AC  0|TAMS 0x000000070c500000, 0x000000070c500000|
| 172|0x000000070c600000, 0x000000070c600000, 0x000000070c700000|  0%| F|  |TS  0|AC  0|TAMS 0x000000070c600000, 0x000000070c600000|
| 173|0x000000070c700000, 0x000000070c700000, 0x000000070c800000|  0%| F|  |TS  0|AC  0|TAMS 0x000000070c700000, 0x000000070c700000|
| 174|0x000000070c800000, 0x000000070c800000, 0x000000070c900000|  0%| F|  |TS  0|AC  0|TAMS 0x000000070c800000, 0x000000070c800000|
| 175|0x000000070c900000, 0x000000070c900000, 0x000000070ca00000|  0%| F|  |TS  0|AC  0|TAMS 0x000000070c900000, 0x000000070c900000|
| 176|0x000000070ca00000, 0x000000070ca00000, 0x000000070cb00000|  0%| F|  |TS  0|AC  0|TAMS 0x000000070ca00000, 0x000000070ca00000|
| 177|0x000000070cb00000, 0x000000070cb00000, 0x000000070cc00000|  0%| F|  |TS  0|AC  0|TAMS 0x000000070cb00000, 0x000000070cb00000|
| 178|0x000000070cc00000, 0x000000070cc00000, 0x000000070cd00000|  0%| F|  |TS  0|AC  0|TAMS 0x000000070cc00000, 0x000000070cc00000|
| 179|0x000000070cd00000, 0x000000070cd00000, 0x000000070ce00000|  0%| F|  |TS  0|AC  0|TAMS 0x000000070cd00000, 0x000000070cd00000|
| 180|0x000000070ce00000, 0x000000070ce00000, 0x000000070cf00000|  0%| F|  |TS  0|AC  0|TAMS 0x000000070ce00000, 0x000000070ce00000|
| 181|0x000000070cf00000, 0x000000070cf00000, 0x000000070d000000|  0%| F|  |TS  0|AC  0|TAMS 0x000000070cf00000, 0x000000070cf00000|
| 182|0x000000070d000000, 0x000000070d000000, 0x000000070d100000|  0%| F|  |TS  0|AC  0|TAMS 0x000000070d000000, 0x000000070d000000|
| 183|0x000000070d100000, 0x000000070d100000, 0x000000070d200000|  0%| F|  |TS  0|AC  0|TAMS 0x000000070d100000, 0x000000070d100000|
| 184|0x000000070d200000, 0x000000070d200000, 0x000000070d300000|  0%| F|  |TS  0|AC  0|TAMS 0x000000070d200000, 0x000000070d200000|
| 185|0x000000070d300000, 0x000000070d300000, 0x000000070d400000|  0%| F|  |TS  0|AC  0|TAMS 0x000000070d300000, 0x000000070d300000|
| 186|0x000000070d400000, 0x000000070d44fbb8, 0x000000070d500000| 31%| E|  |TS  0|AC  0|TAMS 0x000000070d400000, 0x000000070d400000|
| 187|0x000000070d500000, 0x000000070d600000, 0x000000070d600000|100%| E|CS|TS  0|AC  0|TAMS 0x000000070d500000, 0x000000070d500000|
| 188|0x000000070d600000, 0x000000070d700000, 0x000000070d700000|100%| E|CS|TS  0|AC  0|TAMS 0x000000070d600000, 0x000000070d600000|
| 189|0x000000070d700000, 0x000000070d800000, 0x000000070d800000|100%| E|CS|TS  0|AC  0|TAMS 0x000000070d700000, 0x000000070d700000|
| 190|0x000000070d800000, 0x000000070d900000, 0x000000070d900000|100%| E|CS|TS  0|AC  0|TAMS 0x000000070d800000, 0x000000070d800000|
| 191|0x000000070d900000, 0x000000070da00000, 0x000000070da00000|100%| E|CS|TS  0|AC  0|TAMS 0x000000070d900000, 0x000000070d900000|

Card table byte_map: [0x0000022ac0290000,0x0000022ac0890000] byte_map_base: 0x0000022abca83000

Marking Bits (Prev, Next): (CMBitMap*) 0x0000022aa59cb620, (CMBitMap*) 0x0000022aa59cb658
 Prev Bits: [0x0000022ac0e90000, 0x0000022ac3e28000)
 Next Bits: [0x0000022ac3e30000, 0x0000022ac6dc8000)

Polling page: 0x0000022aa3710000

CodeHeap 'non-profiled nmethods': size=120064Kb used=138Kb max_used=138Kb free=119925Kb
 bounds [0x0000022ab8750000, 0x0000022ab89c0000, 0x0000022abfc90000]
CodeHeap 'profiled nmethods': size=120000Kb used=769Kb max_used=769Kb free=119230Kb
 bounds [0x0000022ab1220000, 0x0000022ab1490000, 0x0000022ab8750000]
CodeHeap 'non-nmethods': size=5696Kb used=1332Kb max_used=1344Kb free=4363Kb
 bounds [0x0000022ab0c90000, 0x0000022ab0f00000, 0x0000022ab1220000]
 total_blobs=1386 nmethods=506 adapters=691
 compilation: enabled

Compilation events (10 events):
Event: 0.620 Thread 0x0000022ac9cd5000  503       3       java.util.WeakHashMap::hash (28 bytes)
Event: 0.621 Thread 0x0000022ac9cd5000 nmethod 503 0x0000022ab12de610 code [0x0000022ab12de7e0, 0x0000022ab12dea30]
Event: 0.621 Thread 0x0000022ac9cd5000  504       3       java.util.WeakHashMap::getTable (9 bytes)
Event: 0.621 Thread 0x0000022ac9cd5000 nmethod 504 0x0000022ab12deb10 code [0x0000022ab12decc0, 0x0000022ab12dee70]
Event: 0.621 Thread 0x0000022ac9cd5000  505   !   3       java.util.WeakHashMap::expungeStaleEntries (139 bytes)
Event: 0.621 Thread 0x0000022ac9cd5000 nmethod 505 0x0000022ab12def10 code [0x0000022ab12df140, 0x0000022ab12dfd10]
Event: 0.621 Thread 0x0000022ac9cd5000  506       3       java.util.WeakHashMap::indexFor (6 bytes)
Event: 0.622 Thread 0x0000022ac9cd5000 nmethod 506 0x0000022ab12e0210 code [0x0000022ab12e03c0, 0x0000022ab12e04f8]
Event: 0.622 Thread 0x0000022ac9cd5000  507       1       java.util.zip.ZipFile$Source::access$800 (5 bytes)
Event: 0.622 Thread 0x0000022ac9cd5000 nmethod 507 0x0000022ab8772710 code [0x0000022ab87728c0, 0x0000022ab87729b8]

GC Heap History (0 events):
No events

Deoptimization events (1 events):
Event: 0.171 Thread 0x0000022aa5901800 Uncommon trap: reason=unstable_if action=reinterpret pc=0x0000022ab8753d6c method=java.lang.String.hashCode()I @ 14 c2

Classes redefined (0 events):
No events

Internal exceptions (10 events):
Event: 0.300 Thread 0x0000022aa5901800 Exception <a 'java/lang/NoSuchMethodError'{0x000000070d7ab048}: java.lang.invoke.DirectMethodHandle$Holder.invokeStatic(Ljava/lang/Object;Ljava/lang/Object;)I> (0x000000070d7ab048) thrown at [t:/workspace/open/src/hotspot/share/interpreter/linkResolver.cp
Event: 0.303 Thread 0x0000022aa5901800 Exception <a 'java/lang/NoSuchMethodError'{0x000000070d7bcd78}: method resolution failed> (0x000000070d7bcd78) thrown at [t:/workspace/open/src/hotspot/share/prims/methodHandles.cpp, line 1226]
Event: 0.303 Thread 0x0000022aa5901800 Exception <a 'java/lang/NoSuchMethodError'{0x000000070d7c0978}: method resolution failed> (0x000000070d7c0978) thrown at [t:/workspace/open/src/hotspot/share/prims/methodHandles.cpp, line 1226]
Event: 0.303 Thread 0x0000022aa5901800 Exception <a 'java/lang/NoSuchMethodError'{0x000000070d7c3f78}: java.lang.invoke.DelegatingMethodHandle$Holder.delegate(Ljava/lang/Object;Ljava/lang/Object;ILjava/lang/Object;)V> (0x000000070d7c3f78) thrown at [t:/workspace/open/src/hotspot/share/interpre
Event: 0.304 Thread 0x0000022aa5901800 Exception <a 'java/lang/NoSuchMethodError'{0x000000070d7c7b90}: method resolution failed> (0x000000070d7c7b90) thrown at [t:/workspace/open/src/hotspot/share/prims/methodHandles.cpp, line 1226]
Event: 0.305 Thread 0x0000022aa5901800 Exception <a 'java/lang/NoSuchMethodError'{0x000000070d7cea90}: java.lang.invoke.DirectMethodHandle$Holder.invokeStaticInit(Ljava/lang/Object;Ljava/lang/Object;Ljava/lang/Object;)Ljava/lang/Object;> (0x000000070d7cea90) thrown at [t:/workspace/open/src/ho
Event: 0.353 Thread 0x0000022aa5901800 Exception <a 'java/lang/NoSuchMethodError'{0x000000070d6efc98}: java.lang.invoke.DirectMethodHandle$Holder.invokeStatic(Ljava/lang/Object;Ljava/lang/Object;Ljava/lang/Object;)I> (0x000000070d6efc98) thrown at [t:/workspace/open/src/hotspot/share/interpret
Event: 0.594 Thread 0x0000022aa5901800 Exception <a 'java/lang/NoSuchMethodError'{0x000000070d591f60}: method resolution failed> (0x000000070d591f60) thrown at [t:/workspace/open/src/hotspot/share/prims/methodHandles.cpp, line 1226]
Event: 0.619 Thread 0x0000022aa5901800 Exception <a 'sun/nio/fs/WindowsException'{0x000000070d43afe0}> (0x000000070d43afe0) thrown at [t:/workspace/open/src/hotspot/share/prims/jni.cpp, line 611]
Event: 0.619 Thread 0x0000022aa5901800 Exception <a 'sun/nio/fs/WindowsException'{0x000000070d43b4d0}> (0x000000070d43b4d0) thrown at [t:/workspace/open/src/hotspot/share/prims/jni.cpp, line 611]

Events (10 events):
Event: 0.620 loading class java/nio/file/NoSuchFileException
Event: 0.620 loading class java/nio/file/FileSystemException
Event: 0.620 loading class java/nio/file/FileSystemException done
Event: 0.620 loading class java/nio/file/NoSuchFileException done
Event: 0.620 loading class org/lwjgl/opengl/GL$1
Event: 0.620 loading class org/lwjgl/opengl/GL$1 done
Event: 0.620 loading class org/lwjgl/opengl/GL$SharedLibraryGL
Event: 0.620 loading class org/lwjgl/opengl/GL$SharedLibraryGL done
Event: 0.621 loading class org/lwjgl/system/SharedLibrary$Delegate
Event: 0.621 loading class org/lwjgl/system/SharedLibrary$Delegate done


Dynamic libraries:
0x00007ff714730000 - 0x00007ff71476e000 	C:\Program Files\Java\jdk-10.0.1\bin\javaw.exe
0x00007ff830760000 - 0x00007ff830941000 	C:\WINDOWS\SYSTEM32\ntdll.dll
0x00007ff830190000 - 0x00007ff830242000 	C:\WINDOWS\System32\KERNEL32.DLL
0x00007ff82d6f0000 - 0x00007ff82d963000 	C:\WINDOWS\System32\KERNELBASE.dll
0x00007ff830250000 - 0x00007ff8302f1000 	C:\WINDOWS\System32\ADVAPI32.dll
0x00007ff82ffe0000 - 0x00007ff83007e000 	C:\WINDOWS\System32\msvcrt.dll
0x00007ff830130000 - 0x00007ff83018b000 	C:\WINDOWS\System32\sechost.dll
0x00007ff82f780000 - 0x00007ff82f8a4000 	C:\WINDOWS\System32\RPCRT4.dll
0x00007ff82f3a0000 - 0x00007ff82f530000 	C:\WINDOWS\System32\USER32.dll
0x00007ff82dbd0000 - 0x00007ff82dbf0000 	C:\WINDOWS\System32\win32u.dll
0x00007ff82f530000 - 0x00007ff82f558000 	C:\WINDOWS\System32\GDI32.dll
0x00007ff82cdc0000 - 0x00007ff82cf52000 	C:\WINDOWS\System32\gdi32full.dll
0x00007ff82cd20000 - 0x00007ff82cdbf000 	C:\WINDOWS\System32\msvcp_win.dll
0x00007ff82dad0000 - 0x00007ff82dbca000 	C:\WINDOWS\System32\ucrtbase.dll
0x00007ff8236c0000 - 0x00007ff823929000 	C:\WINDOWS\WinSxS\amd64_microsoft.windows.common-controls_6595b64144ccf1df_6.0.17134.165_none_fb429645306569ac\COMCTL32.dll
0x00007ff830300000 - 0x00007ff830623000 	C:\WINDOWS\System32\combase.dll
0x00007ff82cf60000 - 0x00007ff82cfda000 	C:\WINDOWS\System32\bcryptPrimitives.dll
0x00007ff823a00000 - 0x00007ff823a0a000 	C:\WINDOWS\SYSTEM32\VERSION.dll
0x00007ff82f360000 - 0x00007ff82f38d000 	C:\WINDOWS\System32\IMM32.DLL
0x00007ffffc480000 - 0x00007ffffc56f000 	C:\Program Files\Java\jdk-10.0.1\bin\msvcr120.dll
0x00007ffffb5d0000 - 0x00007ffffb676000 	C:\Program Files\Java\jdk-10.0.1\bin\msvcp120.dll
0x0000000064f20000 - 0x0000000065990000 	C:\Program Files\Java\jdk-10.0.1\bin\server\jvm.dll
0x00007ff82f350000 - 0x00007ff82f358000 	C:\WINDOWS\System32\PSAPI.DLL
0x00007ff820870000 - 0x00007ff820879000 	C:\WINDOWS\SYSTEM32\WSOCK32.dll
0x00007ff82fdd0000 - 0x00007ff82fe3c000 	C:\WINDOWS\System32\WS2_32.dll
0x00007ff821dd0000 - 0x00007ff821df3000 	C:\WINDOWS\SYSTEM32\WINMM.dll
0x00007ff821d70000 - 0x00007ff821d9a000 	C:\WINDOWS\SYSTEM32\WINMMBASE.dll
0x00007ff82da80000 - 0x00007ff82dac9000 	C:\WINDOWS\System32\cfgmgr32.dll
0x00007ff817340000 - 0x00007ff81734f000 	C:\Program Files\Java\jdk-10.0.1\bin\verify.dll
0x00007ff82b4d0000 - 0x00007ff82b699000 	C:\WINDOWS\SYSTEM32\DBGHELP.DLL
0x00007ff825e10000 - 0x00007ff825e39000 	C:\WINDOWS\SYSTEM32\dbgcore.DLL
0x00007ff80e080000 - 0x00007ff80e0a7000 	C:\Program Files\Java\jdk-10.0.1\bin\java.dll
0x00007ff80e060000 - 0x00007ff80e076000 	C:\Program Files\Java\jdk-10.0.1\bin\zip.dll
0x00007ff8171b0000 - 0x00007ff8171ba000 	C:\Program Files\Java\jdk-10.0.1\bin\jimage.dll
0x00007ff82dbf0000 - 0x00007ff82f030000 	C:\WINDOWS\System32\SHELL32.dll
0x00007ff830080000 - 0x00007ff830129000 	C:\WINDOWS\System32\shcore.dll
0x00007ff82cfe0000 - 0x00007ff82d6ed000 	C:\WINDOWS\System32\windows.storage.dll
0x00007ff82f110000 - 0x00007ff82f161000 	C:\WINDOWS\System32\shlwapi.dll
0x00007ff82cb00000 - 0x00007ff82cb11000 	C:\WINDOWS\System32\kernel.appcore.dll
0x00007ff82ca70000 - 0x00007ff82ca8f000 	C:\WINDOWS\System32\profapi.dll
0x00007ff82ca90000 - 0x00007ff82cadc000 	C:\WINDOWS\System32\powrprof.dll
0x00007ff82cb20000 - 0x00007ff82cb2a000 	C:\WINDOWS\System32\FLTLIB.DLL
0x00007ff80d710000 - 0x00007ff80d72a000 	C:\Program Files\Java\jdk-10.0.1\bin\net.dll
0x00007ff8278f0000 - 0x00007ff8279cc000 	C:\WINDOWS\SYSTEM32\WINHTTP.dll
0x00007ff82c290000 - 0x00007ff82c2f6000 	C:\WINDOWS\system32\mswsock.dll
0x00007ff80d6d0000 - 0x00007ff80d6e1000 	C:\Program Files\Java\jdk-10.0.1\bin\nio.dll
0x00007ff800f40000 - 0x00007ff800f9b000 	C:\Users\Joe Junior\AppData\Local\Temp\lwjglBoii\3.1.6-build-14\lwjgl.dll
0x00007ffffd1d0000 - 0x00007ffffd221000 	C:\Users\JOEJUN~1\AppData\Local\Temp\lwjglBoii\3.1.6-build-14\glfw.dll
0x00007ff82aee0000 - 0x00007ff82af78000 	C:\WINDOWS\system32\uxtheme.dll
0x00007ff80c850000 - 0x00007ff80c893000 	C:\WINDOWS\SYSTEM32\dinput8.dll
0x00007ff817050000 - 0x00007ff817060000 	C:\WINDOWS\SYSTEM32\xinput1_4.dll
0x00007ff82c820000 - 0x00007ff82c847000 	C:\WINDOWS\SYSTEM32\DEVOBJ.dll
0x00007ff81bd90000 - 0x00007ff81be09000 	C:\WINDOWS\SYSTEM32\inputhost.dll
0x00007ff828570000 - 0x00007ff8286bd000 	C:\WINDOWS\SYSTEM32\wintypes.dll
0x00007ff81ebb0000 - 0x00007ff81eece000 	C:\WINDOWS\SYSTEM32\CoreUIComponents.dll
0x00007ff829fa0000 - 0x00007ff82a07a000 	C:\WINDOWS\SYSTEM32\CoreMessaging.dll
0x00007ff82bc60000 - 0x00007ff82bc91000 	C:\WINDOWS\SYSTEM32\ntmarta.dll
0x00007ff82b080000 - 0x00007ff82b0a9000 	C:\WINDOWS\SYSTEM32\dwmapi.dll
0x00007ff82f560000 - 0x00007ff82f6d5000 	C:\WINDOWS\System32\MSCTF.dll
0x00007ff82f8b0000 - 0x00007ff82f972000 	C:\WINDOWS\System32\OLEAUT32.dll
0x00007ff82b3d0000 - 0x00007ff82b3dc000 	C:\WINDOWS\SYSTEM32\HID.DLL
0x00007ff82f980000 - 0x00007ff82fdcb000 	C:\WINDOWS\System32\SETUPAPI.DLL
0x00007ff82d970000 - 0x00007ff82d9c7000 	C:\WINDOWS\System32\WINTRUST.dll
0x00007ff82cae0000 - 0x00007ff82caf2000 	C:\WINDOWS\System32\MSASN1.dll
0x00007ff82cb30000 - 0x00007ff82cd12000 	C:\WINDOWS\System32\CRYPT32.dll
0x00007ff8119a0000 - 0x00007ff811ac0000 	C:\WINDOWS\SYSTEM32\opengl32.dll
0x00007ff81f4c0000 - 0x00007ff81f4ec000 	C:\WINDOWS\SYSTEM32\GLU32.dll
0x00007fffd8a00000 - 0x00007fffd98d9000 	C:\WINDOWS\System32\DriverStore\FileRepository\ki124164.inf_amd64_85b60d2b8c3af983\ig9icd64.dll
0x00007ff82b760000 - 0x00007ff82b773000 	C:\WINDOWS\SYSTEM32\WTSAPI32.dll
0x00007ff82b6a0000 - 0x00007ff82b75b000 	C:\WINDOWS\SYSTEM32\dxgi.dll
0x00007ff819ac0000 - 0x00007ff81b0c2000 	C:\WINDOWS\System32\DriverStore\FileRepository\ki124164.inf_amd64_85b60d2b8c3af983\igc64.dll
0x00007ffffcd80000 - 0x00007ffffcddf000 	C:\Users\Joe Junior\AppData\Local\Temp\lwjglBoii\3.1.6-build-14\lwjgl_opengl.dll

dbghelp: loaded successfully - version: 4.0.5 - missing functions: none
symbol engine: initialized successfully - sym options: 0x614 - pdb path: .;C:\Program Files\Java\jdk-10.0.1\bin;C:\WINDOWS\SYSTEM32;C:\WINDOWS\WinSxS\amd64_microsoft.windows.common-controls_6595b64144ccf1df_6.0.17134.165_none_fb429645306569ac;C:\Program Files\Java\jdk-10.0.1\bin\server;C:\Users\Joe Junior\AppData\Local\Temp\lwjglBoii\3.1.6-build-14;C:\Users\JOEJUN~1\AppData\Local\Temp\lwjglBoii\3.1.6-build-14;C:\WINDOWS\System32\DriverStore\FileRepository\ki124164.inf_amd64_85b60d2b8c3af983

VM Arguments:
jvm_args: -Dfile.encoding=Cp1252 
java_command: Main
java_class_path (initial): C:\Users\Joe Junior\git\stealth-game\Stealth Game\bin;C:\Users\Joe Junior\git\stealth-game\Stealth Game\lib\lwjgl\lwjgl.jar;C:\Users\Joe Junior\git\stealth-game\Stealth Game\lib\lwjgl-openal\lwjgl-openal.jar;C:\Users\Joe Junior\git\stealth-game\Stealth Game\lib\lwjgl-opengl\lwjgl-opengl.jar;C:\Users\Joe Junior\git\stealth-game\Stealth Game\lib\lwjgl-glfw\lwjgl-glfw.jar;C:\Users\Joe Junior\git\stealth-game\Stealth Game\lib\lwjgl\lwjgl-natives-windows.jar;C:\Users\Joe Junior\git\stealth-game\Stealth Game\lib\lwjgl-openal\lwjgl-openal-natives-windows.jar;C:\Users\Joe Junior\git\stealth-game\Stealth Game\lib\lwjgl-opengl\lwjgl-opengl-natives-windows.jar;C:\Users\Joe Junior\git\stealth-game\Stealth Game\lib\lwjgl-glfw\lwjgl-glfw-natives-windows.jar;C:\Users\Joe Junior\git\stealth-game\Stealth Game\lib\lwjgl\lwjgl-natives-linux.jar;C:\Users\Joe Junior\git\stealth-game\Stealth Game\lib\lwjgl\lwjgl-natives-macos.jar;C:\Users\Joe Junior\git\stealth-game\Stealth Game\lib\lwjgl-glfw\lwjgl-glfw-natives-linux.jar;C:\Users\Joe Junior\git\stealth-game\Stealth Game\lib\lwjgl-glfw\lwjgl-glfw-natives-macos.jar;C:\Users\Joe Junior\git\stealth-game\Stealth Game\lib\lwjgl-openal\lwjgl-openal-natives-linux.jar;C:\Users\Joe Junior\git\stealth-game\Stealth Game\lib\lwjgl-openal\lwjgl-openal-natives-macos.jar;C:\Users\Joe Junior\git\stealth-game\Stealth Game\lib\lwjgl-opengl\lwjgl-opengl-natives-linux.jar;C:\Users\Joe Junior\git\stealth-game\Stealth Game\lib\lwjgl-opengl\lwjgl-opengl-natives-macos.jar
Launcher Type: SUN_STANDARD

Logging:
Log output configuration:
#0: stdout all=warning uptime,level,tags
#1: stderr all=off uptime,level,tags

Environment Variables:
PATH=C:/Program Files/Java/jre1.8.0_151/bin/server;C:/Program Files/Java/jre1.8.0_151/bin;C:/Program Files/Java/jre1.8.0_151/lib/amd64;C:\WINDOWS;C:\Program Files (x86)\Common Files\Oracle\Java\javapath;C:\Intel\OpenCL\sdk\bin\x64;C:\Intel\OpenCL\sdk\bin\x86;C:\Intel\OpenCL\sdk\bin\Pin;C:\Intel\OpenCL\sdk\bin\GTPin;C:\Program Files\Haskell\bin;C:\Program Files\Haskell Platform\8.2.2\lib\extralibs\bin;C:\Program Files\Haskell Platform\8.2.2\bin;C:\Program Files (x86)\Intel\iCLS Client\;C:\Program Files (x86)\Git\bin;C:\Program Files (x86)\Git\libexec\git-core;C:\ProgramData\Oracle\Java\javapath;C:\Program Files\Intel\iCLS Client\;C:\Windows\System32;C:\Windows;C:\Windows\System32\wbem;C:\Windows\System32\WindowsPowerShell\v1.0\;C:\Users\defaultuser0\Documents\Ndless-master\ndless-sdk\toolchain\install\bin;C:\Users\defaultuser0\Documents\Ndless-master\ndless-sdk\toolchain\bin;C:\Users\defaultuser0\Documents\Ndless-master\ndless-sdk\bin;\cygdrive\c\Users\defaultuser0\Documents\Ndless-master\ndless-sdk\toolchain\install\bin;\cygdrive\c\Users\defaultuser0\Documents\Ndless-master\ndless-sdk\bin;C:\Program Files\Java\jdk-9.0.1\bin;C:\Program Files\NASM;C:\masm32\bin;C:\WINDOWS\system32;C:\WINDOWS;C:\WINDOWS\System32\Wbem;C:\WINDOWS\System32\WindowsPowerShell\v1.0\;C:\WINDOWS\System32\OpenSSH\;C:\Program Files\CMake\bin;C:\MinGW\bin;C:\Users\Joe Junior\AppData\Roaming\cabal\bin;C:\Users\Joe Junior\AppData\Roaming\local\bin;C:\Users\Joe Junior\AppData\Local\Microsoft\WindowsApps;C:\Program Files\Java\jdk-9.0.1\bin;;C:\Users\Joe Junior\Desktop;
USERNAME=Boii
OS=Windows_NT
PROCESSOR_IDENTIFIER=Intel64 Family 6 Model 78 Stepping 3, GenuineIntel



---------------  S Y S T E M  ---------------

OS: Windows 10 , 64 bit Build 17134 (10.0.17134.1)

CPU:total 4 (initial active 4) (2 cores per cpu, 2 threads per core) family 6 model 78 stepping 3, cmov, cx8, fxsr, mmx, sse, sse2, sse3, ssse3, sse4.1, sse4.2, popcnt, avx, avx2, aes, clmul, erms, 3dnowpref, lzcnt, ht, tsc, tscinvbit, bmi1, bmi2, adx, fma

Memory: 4k page, physical 12470176k(6453200k free), swap 14370720k(6964772k free)

vm_info: Java HotSpot(TM) 64-Bit Server VM (10.0.1+10) for windows-amd64 JRE (10.0.1+10), built on Mar 27 2018 02:27:48 by "mach5one" with MS VC++ 12.0 (VS2013)

END.
